<?xml version="1.0" encoding="UTF-8"?>
<!-- Generated by org.testng.reporters.JUnitXMLReporter -->
<testsuite hostname="jlaurentinow10l" ignored="0" name="Automation" tests="2" failures="1" timestamp="23 Jul 2020 03:27:43 GMT" time="0.487" errors="0">
  <testcase name="@BeforeMethod setDevicePropertyForAll" time="0.418" classname="com.indra.test.SampleTest">
    <failure type="java.lang.NullPointerException">
      <![CDATA[java.lang.NullPointerException
at indra.automation.browser.service.BrowserExecutionService.getBrowserType(BrowserExecutionService.java:87)
at indra.automation.browser.test.base.simple.TestBase.setDeviceProperty(TestBase.java:22)
at com.indra.test.SampleTest.setDevicePropertyForAll(SampleTest.java:15)
at java.util.concurrent.FutureTask.run(FutureTask.java:266)
at java.util.concurrent.ThreadPoolExecutor.runWorker(ThreadPoolExecutor.java:1149)
at java.util.concurrent.ThreadPoolExecutor$Worker.run(ThreadPoolExecutor.java:624)
at java.lang.Thread.run(Thread.java:748)
... Removed 19 stack frames]]>
    </failure>
  </testcase> <!-- @BeforeMethod setDevicePropertyForAll -->
  <testcase name="sampleTest" time="0.0" classname="com.indra.test.SampleTest">
    <skipped/>
  </testcase> <!-- sampleTest -->
  <testcase name="sampleTest" time="0.468" classname="com.indra.test.SampleTest">
    <failure type="java.lang.NullPointerException">
      <![CDATA[java.lang.NullPointerException
at indra.automation.reports.generation.simple.ExtentListeners.onTestSkipped(ExtentListeners.java:76)
at java.util.concurrent.FutureTask.run(FutureTask.java:266)
at java.util.concurrent.ThreadPoolExecutor.runWorker(ThreadPoolExecutor.java:1149)
at java.util.concurrent.ThreadPoolExecutor$Worker.run(ThreadPoolExecutor.java:624)
at java.lang.Thread.run(Thread.java:748)
... Removed 14 stack frames]]>
    </failure>
  </testcase> <!-- sampleTest -->
</testsuite> <!-- Automation -->
